<?xml version="1.0" encoding="UTF-8"?>
<!-- Generated by org.testng.reporters.JUnitReportReporter -->
<testsuite hostname="RajasekharaReddy" failures="0" tests="1" name="com.mystore.testcases.EndToEndTest" time="0.000" errors="0" timestamp="2020-08-08T16:55:46 IST" skipped="1">
  <testcase classname="com.mystore.testcases.EndToEndTest" name="endToEndTest" time="0.000">
    <skipped/>
  </testcase> <!-- endToEndTest -->
  <system-out/>
</testsuite> <!-- com.mystore.testcases.EndToEndTest -->
