<?xml version="1.0" encoding="UTF-8"?>
<!-- Generated by org.testng.reporters.JUnitReportReporter -->
<testsuite hostname="RajasekharaReddy" failures="0" tests="3" name="Commands.RadioButton_CheckBox" time="37.499" errors="0" timestamp="2020-08-14T19:26:52 IST" skipped="0">
  <testcase classname="Commands.RadioButton_CheckBox" name="radiobutton" time="12.206"/>
  <system-out/>
  <testcase classname="Commands.RadioButton_CheckBox" name="checkboxdynamically" time="12.663"/>
  <system-out/>
  <testcase classname="Commands.RadioButton_CheckBox" name="checkboxnormalWay" time="12.630"/>
  <system-out/>
</testsuite> <!-- Commands.RadioButton_CheckBox -->
