<?xml version="1.0" encoding="UTF-8"?>
<!-- Generated by org.testng.reporters.JUnitReportReporter -->
<testsuite hostname="RajasekharaReddy" failures="0" tests="2" name="Commands.DropDrownList" time="38.221" errors="0" timestamp="2020-08-15T10:57:04 IST" skipped="0">
  <testcase classname="Commands.DropDrownList" name="selctdropdown" time="22.460"/>
  <system-out/>
  <testcase classname="Commands.DropDrownList" name="printAllvaluesDropdown" time="15.761"/>
  <system-out/>
</testsuite> <!-- Commands.DropDrownList -->
