<?xml version="1.0" encoding="UTF-8"?>
<!-- Generated by org.testng.reporters.JUnitReportReporter -->
<testsuite hostname="RajasekharaReddy" failures="0" tests="1" name="ActionsClass.MouseHover" time="19.028" errors="0" timestamp="2020-08-16T14:06:31 IST" skipped="0">
  <testcase classname="ActionsClass.MouseHover" name="mousehover" time="19.028"/>
  <system-out/>
</testsuite> <!-- ActionsClass.MouseHover -->
