<?xml version="1.0" encoding="UTF-8"?>
<!-- Generated by org.testng.reporters.JUnitReportReporter -->
<testsuite hostname="RajasekharaReddy" failures="0" tests="3" name="ActionsClass.Alerts" time="85.150" errors="0" timestamp="2020-08-16T19:44:35 IST" skipped="0">
  <testcase classname="ActionsClass.Alerts" name="simpleAlert" time="24.738"/>
  <system-out/>
  <testcase classname="ActionsClass.Alerts" name="ConfirmationAlert" time="25.900"/>
  <system-out/>
  <testcase classname="ActionsClass.Alerts" name="promptAlert" time="34.512"/>
  <system-out/>
</testsuite> <!-- ActionsClass.Alerts -->
