<?xml version="1.0" encoding="UTF-8"?>
<!-- Generated by org.testng.reporters.JUnitReportReporter -->
<testsuite hostname="RajasekharaReddy" failures="0" tests="1" name="ActionsClass.Tooltip_ToolsQA" time="16.570" errors="0" timestamp="2020-08-16T11:41:01 IST" skipped="0">
  <testcase classname="ActionsClass.Tooltip_ToolsQA" name="tooltip" time="16.570"/>
  <system-out/>
</testsuite> <!-- ActionsClass.Tooltip_ToolsQA -->
