<?xml version="1.0" encoding="UTF-8"?>
<!-- Generated by org.testng.reporters.JUnitReportReporter -->
<testsuite hostname="RajasekharaReddy" failures="0" tests="1" name="ActionsClass.MultiSelectAction" time="16.540" errors="0" timestamp="2020-08-16T13:39:01 IST" skipped="0">
  <testcase classname="ActionsClass.MultiSelectAction" name="multipleselection" time="16.540"/>
  <system-out/>
</testsuite> <!-- ActionsClass.MultiSelectAction -->
