<?xml version="1.0" encoding="UTF-8"?>
<!-- Generated by org.testng.reporters.JUnitReportReporter -->
<testsuite hostname="RajasekharaReddy" failures="0" tests="1" name="ActionsClass.KeyboardOperations" time="18.279" errors="0" timestamp="2020-08-16T09:16:29 IST" skipped="0">
  <testcase classname="ActionsClass.KeyboardOperations" name="keyboardActions" time="18.279"/>
  <system-out/>
</testsuite> <!-- ActionsClass.KeyboardOperations -->
