<?xml version="1.0" encoding="UTF-8"?>
<!-- Generated by org.testng.reporters.JUnitReportReporter -->
<testsuite hostname="RajasekharaReddy" failures="0" tests="2" name="ActionsClass.DoubleClick" time="34.934" errors="0" timestamp="2020-08-16T09:54:51 IST" skipped="0">
  <testcase classname="ActionsClass.DoubleClick" name="rightclick" time="17.719"/>
  <system-out/>
  <testcase classname="ActionsClass.DoubleClick" name="doubleclick" time="17.215"/>
  <system-out/>
</testsuite> <!-- ActionsClass.DoubleClick -->
