<?xml version="1.0" encoding="UTF-8"?>
<!-- Generated by org.testng.reporters.JUnitReportReporter -->
<testsuite hostname="RajasekharaReddy" failures="0" tests="1" name="Commands.BootStrapDropDown" time="20.599" errors="0" timestamp="2020-08-15T12:45:12 IST" skipped="0">
  <testcase classname="Commands.BootStrapDropDown" name="Bootstrapdropdown" time="20.599"/>
  <system-out/>
</testsuite> <!-- Commands.BootStrapDropDown -->
