<?xml version="1.0" encoding="UTF-8"?>
<!-- Generated by org.testng.reporters.JUnitReportReporter -->
<testsuite hostname="RajasekharaReddy" failures="0" tests="2" name="ActionsClass.AutoIT_Tool" time="39.288" errors="0" timestamp="2020-08-16T21:14:18 IST" skipped="0">
  <testcase classname="ActionsClass.AutoIT_Tool" name="autoittool" time="18.647"/>
  <system-out/>
  <testcase classname="ActionsClass.AutoIT_Tool" name="autoittool_otherway" time="20.641"/>
  <system-out/>
</testsuite> <!-- ActionsClass.AutoIT_Tool -->
