<?xml version="1.0" encoding="UTF-8"?>
<!-- Generated by org.testng.reporters.JUnitReportReporter -->
<testsuite hostname="RajasekharaReddy" failures="0" tests="1" name="Commands.DropDrownList_2ndWay" time="19.435" errors="0" timestamp="2020-08-15T11:44:53 IST" skipped="0">
  <testcase classname="Commands.DropDrownList_2ndWay" name="Multidropdown" time="19.435"/>
  <system-out/>
</testsuite> <!-- Commands.DropDrownList_2ndWay -->
