<?xml version="1.0" encoding="UTF-8"?>
<!-- Generated by org.testng.reporters.JUnitReportReporter -->
<testsuite hostname="RajasekharaReddy" failures="0" tests="1" name="ActionsClass.AutoITSuggestion" time="22.101" errors="0" timestamp="2020-08-18T11:44:07 IST" skipped="0">
  <testcase classname="ActionsClass.AutoITSuggestion" name="tooltip" time="22.101"/>
  <system-out/>
</testsuite> <!-- ActionsClass.AutoITSuggestion -->
