<?xml version="1.0" encoding="UTF-8"?>
<!-- Generated by org.testng.reporters.JUnitReportReporter -->
<testsuite hostname="RajasekharaReddy" failures="0" tests="2" name="ActionsClass.DragAndDrop" time="30.614" errors="0" timestamp="2020-08-16T11:07:06 IST" skipped="0">
  <testcase classname="ActionsClass.DragAndDrop" name="draganddrop" time="15.181"/>
  <system-out/>
  <testcase classname="ActionsClass.DragAndDrop" name="draganddropby" time="15.433"/>
  <system-out/>
</testsuite> <!-- ActionsClass.DragAndDrop -->
