<?xml version="1.0" encoding="UTF-8"?>
<!-- Generated by org.testng.reporters.JUnitReportReporter -->
<testsuite hostname="RajasekharaReddy" failures="0" tests="1" name="AutoITTool.UploadTheFile" time="22.413" errors="0" timestamp="2020-08-17T20:06:22 IST" skipped="0">
  <testcase classname="AutoITTool.UploadTheFile" name="AutoItTool" time="22.413"/>
  <system-out/>
</testsuite> <!-- AutoITTool.UploadTheFile -->
