<?xml version="1.0" encoding="UTF-8"?>
<!-- Generated by org.testng.reporters.JUnitReportReporter -->
<testsuite hostname="RajasekharaReddy" failures="0" tests="1" name="ActionsClass.Tooltip" time="16.008" errors="0" timestamp="2020-08-16T11:21:48 IST" skipped="0">
  <testcase classname="ActionsClass.Tooltip" name="tooltip" time="16.008"/>
  <system-out/>
</testsuite> <!-- ActionsClass.Tooltip -->
