<?xml version="1.0" encoding="UTF-8"?>
<!-- Generated by org.testng.reporters.JUnitReportReporter -->
<testsuite hostname="RajasekharaReddy" failures="0" tests="1" name="ActionsClass.AutoITSuggestion" time="22.786" errors="0" timestamp="2020-08-16T14:35:43 IST" skipped="0">
  <testcase classname="ActionsClass.AutoITSuggestion" name="tooltip" time="22.786"/>
  <system-out/>
</testsuite> <!-- ActionsClass.AutoITSuggestion -->
