<?xml version="1.0" encoding="UTF-8"?>
<!-- Generated by org.testng.reporters.JUnitReportReporter -->
<testsuite hostname="RajasekharaReddy" failures="0" tests="1" name="com.MyStore.Testcases.AccountCreationpageTest" time="16.870" errors="0" timestamp="2020-08-09T23:19:34 IST" skipped="0">
  <testcase classname="com.MyStore.Testcases.AccountCreationpageTest" name="verifyVerifyCreateanAccount" time="16.870"/>
  <system-out/>
</testsuite> <!-- com.MyStore.Testcases.AccountCreationpageTest -->
