<?xml version="1.0" encoding="UTF-8"?>
<!-- Generated by org.testng.reporters.JUnitReportReporter -->
<testsuite hostname="RajasekharaReddy" failures="0" tests="1" name="com.MyStore.Testcases.IndexpageTest" time="27.929" errors="0" timestamp="2020-08-09T21:21:26 IST" skipped="0">
  <testcase classname="com.MyStore.Testcases.IndexpageTest" name="verifylogo" time="27.929"/>
  <system-out/>
</testsuite> <!-- com.MyStore.Testcases.IndexpageTest -->
