<?xml version="1.0" encoding="UTF-8"?>
<!-- Generated by org.testng.reporters.JUnitReportReporter -->
<testsuite hostname="RajasekharaReddy" failures="0" tests="1" name="com.MyStore.Testcases.LoginpageTest" time="19.780" errors="0" timestamp="2020-08-11T20:05:58 IST" skipped="0">
  <testcase classname="com.MyStore.Testcases.LoginpageTest" name="logintest" time="19.780"/>
  <system-out/>
</testsuite> <!-- com.MyStore.Testcases.LoginpageTest -->
