<?xml version="1.0" encoding="UTF-8"?>
<!-- Generated by org.testng.reporters.JUnitReportReporter -->
<testsuite hostname="RajasekharaReddy" failures="0" tests="1" name="com.MyStore.Testcases.SearchResultPageTest" time="21.857" errors="0" timestamp="2020-08-10T18:44:03 IST" skipped="0">
  <testcase classname="com.MyStore.Testcases.SearchResultPageTest" name="productAvailabilityTest" time="21.857"/>
  <system-out/>
</testsuite> <!-- com.MyStore.Testcases.SearchResultPageTest -->
