<?xml version="1.0" encoding="UTF-8"?>
<!-- Generated by org.testng.reporters.JUnitReportReporter -->
<testsuite hostname="RajasekharaReddy" failures="0" tests="1" name="com.MyStore.Testcases.AddToCartpageTest" time="38.483" errors="0" timestamp="2020-08-10T19:29:25 IST" skipped="0">
  <testcase classname="com.MyStore.Testcases.AddToCartpageTest" name="addtocartpage" time="38.483"/>
  <system-out/>
</testsuite> <!-- com.MyStore.Testcases.AddToCartpageTest -->
