<?xml version="1.0" encoding="UTF-8"?>
<!-- Generated by org.testng.reporters.JUnitReportReporter -->
<testsuite hostname="RajasekharaReddy" failures="0" tests="2" name="com.MyStore.Testcases.HomepageTest" time="53.332" errors="0" timestamp="2020-08-09T22:37:01 IST" skipped="0">
  <testcase classname="com.MyStore.Testcases.HomepageTest" name="verifyOrderHistoryTest" time="26.125"/>
  <system-out/>
  <testcase classname="com.MyStore.Testcases.HomepageTest" name="verifyWhishlistTest" time="27.207"/>
  <system-out/>
</testsuite> <!-- com.MyStore.Testcases.HomepageTest -->
