<?xml version="1.0" encoding="UTF-8"?>
<!-- Generated by org.testng.reporters.JUnitReportReporter -->
<testsuite hostname="RajasekharaReddy" failures="0" tests="1" name="com.MyStore.Testcases.OrderpageTest" time="39.723" errors="0" timestamp="2020-08-10T19:59:21 IST" skipped="0">
  <testcase classname="com.MyStore.Testcases.OrderpageTest" name="verifyTotalproce" time="39.723"/>
  <system-out/>
</testsuite> <!-- com.MyStore.Testcases.OrderpageTest -->
