<?xml version="1.0" encoding="UTF-8"?>
<!-- Generated by org.testng.reporters.JUnitReportReporter -->
<testsuite hostname="RajasekharaReddy" failures="0" tests="1" name="com.MyStore.Testcases.EndToEndTest" time="85.018" errors="0" timestamp="2020-08-10T21:06:10 IST" skipped="0">
  <testcase classname="com.MyStore.Testcases.EndToEndTest" name="EndtoEndTest" time="85.018"/>
  <system-out/>
</testsuite> <!-- com.MyStore.Testcases.EndToEndTest -->
